<?xml version="1.0" encoding="UTF-8"?>
<!-- Generated by org.testng.reporters.JUnitXMLReporter -->
<testsuite ignored="0" hostname="LAPTOP-O1IA0A5B" failures="0" tests="3" name="Default test" time="15.833" errors="0" timestamp="2023-12-28T14:50:52 EST">
  <testcase classname="com.qa.tn.testCases.SearchProductTest" name="verifyValidProductSearch" time="1.567"/>
  <testcase classname="com.qa.tn.testCases.SearchProductTest" name="verifyInvalidProductSearch" time="0.446"/>
  <testcase classname="com.qa.tn.testCases.SearchProductTest" name="verifyNoProductSearch" time="0.408"/>
</testsuite> <!-- Default test -->
