<?xml version="1.0" encoding="UTF-8"?>
<testng-results ignored="0" total="3" passed="3" failed="0" skipped="0">
  <reporter-output>
  </reporter-output>
  <suite started-at="2023-12-28T14:50:36 EST" name="Default suite" finished-at="2023-12-28T14:50:52 EST" duration-ms="15833">
    <groups>
    </groups>
    <test started-at="2023-12-28T14:50:36 EST" name="Default test" finished-at="2023-12-28T14:50:52 EST" duration-ms="15833">
      <class name="com.qa.tn.testCases.SearchProductTest">
        <test-method is-config="true" signature="setUp()[pri:0, instance:com.qa.tn.testCases.SearchProductTest@a38c7fe]" started-at="2023-12-28T14:50:36 EST" name="setUp" finished-at="2023-12-28T14:50:41 EST" duration-ms="4622" status="PASS">
          <reporter-output>
          </reporter-output>
        </test-method> <!-- setUp -->
        <test-method signature="verifyValidProductSearch()[pri:1, instance:com.qa.tn.testCases.SearchProductTest@a38c7fe]" started-at="2023-12-28T14:50:41 EST" name="verifyValidProductSearch" finished-at="2023-12-28T14:50:42 EST" duration-ms="1567" status="PASS">
          <reporter-output>
          </reporter-output>
        </test-method> <!-- verifyValidProductSearch -->
        <test-method is-config="true" signature="tearDown()[pri:0, instance:com.qa.tn.testCases.SearchProductTest@a38c7fe]" started-at="2023-12-28T14:50:42 EST" name="tearDown" finished-at="2023-12-28T14:50:42 EST" duration-ms="94" status="PASS">
          <reporter-output>
          </reporter-output>
        </test-method> <!-- tearDown -->
        <test-method is-config="true" signature="setUp()[pri:0, instance:com.qa.tn.testCases.SearchProductTest@a38c7fe]" started-at="2023-12-28T14:50:42 EST" name="setUp" finished-at="2023-12-28T14:50:47 EST" duration-ms="4541" status="PASS">
          <reporter-output>
          </reporter-output>
        </test-method> <!-- setUp -->
        <test-method signature="verifyInvalidProductSearch()[pri:2, instance:com.qa.tn.testCases.SearchProductTest@a38c7fe]" started-at="2023-12-28T14:50:47 EST" name="verifyInvalidProductSearch" finished-at="2023-12-28T14:50:47 EST" duration-ms="446" status="PASS">
          <reporter-output>
          </reporter-output>
        </test-method> <!-- verifyInvalidProductSearch -->
        <test-method is-config="true" signature="tearDown()[pri:0, instance:com.qa.tn.testCases.SearchProductTest@a38c7fe]" started-at="2023-12-28T14:50:47 EST" name="tearDown" finished-at="2023-12-28T14:50:47 EST" duration-ms="115" status="PASS">
          <reporter-output>
          </reporter-output>
        </test-method> <!-- tearDown -->
        <test-method is-config="true" signature="setUp()[pri:0, instance:com.qa.tn.testCases.SearchProductTest@a38c7fe]" started-at="2023-12-28T14:50:47 EST" name="setUp" finished-at="2023-12-28T14:50:51 EST" duration-ms="3918" status="PASS">
          <reporter-output>
          </reporter-output>
        </test-method> <!-- setUp -->
        <test-method signature="verifyNoProductSearch()[pri:3, instance:com.qa.tn.testCases.SearchProductTest@a38c7fe]" started-at="2023-12-28T14:50:51 EST" name="verifyNoProductSearch" finished-at="2023-12-28T14:50:52 EST" duration-ms="408" status="PASS">
          <reporter-output>
          </reporter-output>
        </test-method> <!-- verifyNoProductSearch -->
        <test-method is-config="true" signature="tearDown()[pri:0, instance:com.qa.tn.testCases.SearchProductTest@a38c7fe]" started-at="2023-12-28T14:50:52 EST" name="tearDown" finished-at="2023-12-28T14:50:52 EST" duration-ms="86" status="PASS">
          <reporter-output>
          </reporter-output>
        </test-method> <!-- tearDown -->
      </class> <!-- com.qa.tn.testCases.SearchProductTest -->
    </test> <!-- Default test -->
  </suite> <!-- Default suite -->
</testng-results>
